生成启动时间为 2016/11/14 15:53:26。
     1>项目“C:\Users\liu.bo.SFIT\NetMonitor_vss\target\sysuserapidll\sysuserapi.vcxproj”在节点 2 上(Rebuild 个目标)。
     1>ClCompile:
         C:\Program Files (x86)\Microsoft Visual Studio 12.0\VC\bin\CL.exe /c /I..\..\source\platform\. /I..\..\source\base\. /I..\..\source\utility\. /I..\..\source\probelogger\. /I..\..\source\datastruct\. /I..\..\source\event\. /I..\..\source\network\. /I..\..\source\tcpnetwork\. /I..\..\source\protocol\. /I..\..\source\channelprotocol\. /I..\..\source\xmpprotocol\. /I..\..\source\compressprotocol\. /I..\..\source\ftdprotocol\. /I..\..\source\customDataType\. /I..\..\source\ftdfield\. /I..\..\source\UFCopy\. /I..\..\source\sysuserapi\. /Zi /nologo /W3 /WX- /O2 /Oy- /D LIB_SYSUSER_API_EXPORT /D DEBUG_NOT_LOG /D WINDOWS /D MSVC /D ISLIB /D _VC80_UPGRADE=0x0600 /D _WINDLL /GF /Gm- /EHsc /MT /GS /Gy /fp:precise /Zc:wchar_t /Zc:forScope /Fo".\Release\\" /Fd".\Release\vc120.pdb" /Gd /TP /analyze- /errorReport:prompt  -EHsc   -EHsc ..\..\source\platform\system.cpp ..\..\source\platform\platform.cpp ..\..\source\platform\mpath.cpp ..\..\source\base\CBaseObject.cpp ..\..\source\base\DesignError.cpp ..\..\source\base\RuntimeError.cpp ..\..\source\base\CLogger.cpp ..\..\source\base\CProbeLogger.cpp ..\..\source\base\monitorIndex.cpp ..\..\source\utility\CTimeMeter.cpp ..\..\source\utility\utility.cpp ..\..\source\utility\Config.cpp ..\..\source\probelogger\CSyslogService.cpp ..\..\source\probelogger\CFilelogService.cpp ..\..\source\datastruct\CConfig.cpp ..\..\source\datastruct\CFixMem.cpp ..\..\source\datastruct\CAVLTree.cpp ..\..\source\datastruct\CTransaction.cpp ..\..\source\datastruct\CMemory.cpp ..\..\source\datastruct\CFiniteState.cpp ..\..\source\datastruct\CacheList.cpp ..\..\source\datastruct\FieldDescribe.cpp ..\..\source\datastruct\FieldSet.cpp ..\..\source\datastruct\Index.cpp ..\..\source\datastruct\Package.cpp ..\..\source\datastruct\Flow.cpp ..\..\source\datastruct\ReadOnlyFlow.cpp ..\..\source\datastruct\FlowReader.cpp ..\..\source\datastruct\OrderingQ.cpp ..\..\source\datastruct\CachedFileFlow.cpp ..\..\source\datastruct\CachedFlow.cpp ..\..\source\datastruct\FileFlow.cpp ..\..\source\datastruct\IndexPackageFlow.cpp ..\..\source\datastruct\CSVParser.cpp ..\..\source\datastruct\CSequenceInterface.cpp ..\..\source\datastruct\CMemorySequence.cpp ..\..\source\datastruct\CErrorEngine.cpp ..\..\source\datastruct\CDate.cpp ..\..\source\datastruct\Allocator.cpp ..\..\source\datastruct\CHashIndex.cpp ..\..\source\datastruct\PtrList.cpp ..\..\source\datastruct\ObjAllocator.cpp ..\..\source\event\EventHandler.cpp ..\..\source\event\EventQueue.cpp ..\..\source\event\EventDispatcher.cpp ..\..\source\event\Reactor.cpp ..\..\source\event\Semaphore.cpp ..\..\source\event\Thread.cpp ..\..\source\event\SelectReactor.cpp ..\..\source\event\TimerHeap.cpp ..\..\source\event\EpollReactor.cpp ..\..\source\network\Channel.cpp ..\..\source\network\Client.cpp ..\..\source\network\ListenCtrl.cpp ..\..\source\network\NetworkFactory.cpp ..\..\source\network\Server.cpp ..\..\source\network\ServiceName.cpp ..\..\source\network\SocketInit.cpp ..\..\source\tcpnetwork\TcpChannel.cpp ..\..\source\tcpnetwork\TcpClient.cpp ..\..\source\tcpnetwork\TcpServer.cpp ..\..\source\tcpnetwork\TcpNetworkFactory.cpp ..\..\source\protocol\Protocol.cpp ..\..\source\channelprotocol\ChannelProtocol.cpp ..\..\source\channelprotocol\ChannelPackage.cpp ..\..\source\channelprotocol\Session.cpp ..\..\source\channelprotocol\SessionFactory.cpp ..\..\source\xmpprotocol\XMPPackage.cpp ..\..\source\xmpprotocol\XMPSession.cpp ..\..\source\xmpprotocol\XMPProtocol.cpp ..\..\source\compressprotocol\CompressPackage.cpp ..\..\source\compressprotocol\CompressProtocol.cpp ..\..\source\compressprotocol\CompressUtil.cpp ..\..\source\ftdprotocol\FTDCPackage.cpp ..\..\source\ftdprotocol\FTDCProtocol.cpp ..\..\source\ftdprotocol\FTDCSession.cpp ..\..\source\ftdprotocol\FTDCPubEndPoint.cpp ..\..\source\ftdprotocol\FTDCSubEndPoint.cpp ..\..\source\ftdfield\FtdData.cpp ..\..\source\ftdfield\FtdPackageDesc.cpp ..\..\source\sysuserapi\FtdcSysUserApiImpl.cpp ..\..\source\sysuserapi\FtdcSysUserApiImplBase.cpp
         system.cpp
         platform.cpp
         mpath.cpp
         CBaseObject.cpp
         DesignError.cpp
         RuntimeError.cpp
         CLogger.cpp
         CProbeLogger.cpp
         monitorIndex.cpp
     1>..\..\source\base\monitorIndex.cpp(427): warning C4018: “<”: 有符号/无符号不匹配
         CTimeMeter.cpp
         utility.cpp
     1>..\..\source\utility\utility.cpp(41): warning C4244: “return”: 从“time_t”转换到“int”，可能丢失数据
         Config.cpp
         CSyslogService.cpp
         CFilelogService.cpp
         CConfig.cpp
     1>..\..\source\datastruct\CConfig.cpp(53): warning C4018: “<”: 有符号/无符号不匹配
     1>..\..\source\datastruct\CConfig.cpp(77): warning C4018: “<”: 有符号/无符号不匹配
     1>..\..\source\datastruct\CConfig.cpp(97): warning C4018: “<”: 有符号/无符号不匹配
         CFixMem.cpp
         CAVLTree.cpp
         CTransaction.cpp
         CMemory.cpp
         CFiniteState.cpp
         正在生成代码...
         正在编译...
         CacheList.cpp
         FieldDescribe.cpp
     1>c:\users\liu.bo.sfit\netmonitor_vss\source\datastruct\UFDataType.h(1431): warning C4244: “初始化”: 从“const QWORD”转换到“unsigned long”，可能丢失数据
         FieldSet.cpp
     1>c:\users\liu.bo.sfit\netmonitor_vss\source\datastruct\UFDataType.h(1431): warning C4244: “初始化”: 从“const QWORD”转换到“unsigned long”，可能丢失数据
         Index.cpp
         Package.cpp
         Flow.cpp
     1>..\..\source\datastruct\Flow.cpp(52): warning C4018: “<”: 有符号/无符号不匹配
         ReadOnlyFlow.cpp
         FlowReader.cpp
         OrderingQ.cpp
         CachedFileFlow.cpp
         CachedFlow.cpp
         FileFlow.cpp
     1>..\..\source\datastruct\FileFlow.cpp(144): warning C4018: “>”: 有符号/无符号不匹配
     1>..\..\source\datastruct\FileFlow.cpp(381): warning C4244: “参数”: 从“fpos_t”转换到“long”，可能丢失数据
         IndexPackageFlow.cpp
     1>..\..\source\datastruct\IndexPackageFlow.cpp(55): warning C4244: “return”: 从“DWORD”转换到“WORD”，可能丢失数据
         CSVParser.cpp
         CSequenceInterface.cpp
         CMemorySequence.cpp
         CErrorEngine.cpp
         CDate.cpp
     1>..\..\source\datastruct\CDate.cpp(92): warning C4018: “>”: 有符号/无符号不匹配
     1>..\..\source\datastruct\CDate.cpp(98): warning C4018: “>”: 有符号/无符号不匹配
     1>..\..\source\datastruct\CDate.cpp(291): warning C4146: 一元负运算符应用于无符号类型，结果仍为无符号类型
         Allocator.cpp
     1>..\..\source\datastruct\Allocator.cpp(60): warning C4307: “*”: 整型常量溢出
     1>..\..\source\datastruct\Allocator.cpp(111): warning C4018: “>=”: 有符号/无符号不匹配
     1>..\..\source\datastruct\Allocator.cpp(140): warning C4018: “>=”: 有符号/无符号不匹配
     1>..\..\source\datastruct\Allocator.cpp(189): warning C4018: “<”: 有符号/无符号不匹配
         CHashIndex.cpp
     1>..\..\source\datastruct\CHashIndex.cpp(18): warning C4018: “>=”: 有符号/无符号不匹配
         正在生成代码...
         正在编译...
         PtrList.cpp
         ObjAllocator.cpp
         EventHandler.cpp
         EventQueue.cpp
         EventDispatcher.cpp
         Reactor.cpp
         Semaphore.cpp
         Thread.cpp
         SelectReactor.cpp
     1>C:\Users\liu.bo.SFIT\NetMonitor_vss\source\network\SocketInit.h(48): warning C4005: “EWOULDBLOCK”: 宏重定义
                 C:\Program Files (x86)\Microsoft Visual Studio 12.0\VC\include\errno.h(132) : 参见“EWOULDBLOCK”的前一个定义
     1>c:\users\liu.bo.sfit\netmonitor_vss\source\event\SelectReactor.h(81): warning C4018: “<”: 有符号/无符号不匹配
     1>c:\users\liu.bo.sfit\netmonitor_vss\source\event\SelectReactor.h(96): warning C4018: “<”: 有符号/无符号不匹配
     1>c:\users\liu.bo.sfit\netmonitor_vss\source\event\SelectReactor.h(109): warning C4018: “<”: 有符号/无符号不匹配
     1>c:\users\liu.bo.sfit\netmonitor_vss\source\event\SelectReactor.h(122): warning C4018: “<”: 有符号/无符号不匹配
     1>c:\users\liu.bo.sfit\netmonitor_vss\source\event\SelectReactor.h(136): warning C4018: “<”: 有符号/无符号不匹配
     1>c:\users\liu.bo.sfit\netmonitor_vss\source\event\SelectReactor.h(149): warning C4018: “<”: 有符号/无符号不匹配
     1>c:\users\liu.bo.sfit\netmonitor_vss\source\event\SelectReactor.h(337): warning C4018: “<”: 有符号/无符号不匹配
     1>c:\users\liu.bo.sfit\netmonitor_vss\source\event\SelectReactor.h(379): warning C4018: “<”: 有符号/无符号不匹配
     1>c:\users\liu.bo.sfit\netmonitor_vss\source\event\SelectReactor.h(398): warning C4018: “<”: 有符号/无符号不匹配
         TimerHeap.cpp
     1>..\..\source\event\TimerHeap.cpp(38): warning C4018: “<”: 有符号/无符号不匹配
     1>..\..\source\event\TimerHeap.cpp(107): warning C4018: “<”: 有符号/无符号不匹配
         EpollReactor.cpp
         Channel.cpp
         Client.cpp
         ListenCtrl.cpp
         NetworkFactory.cpp
         Server.cpp
         ServiceName.cpp
         SocketInit.cpp
     1>c:\users\liu.bo.sfit\netmonitor_vss\source\network\SocketInit.h(48): warning C4005: “EWOULDBLOCK”: 宏重定义
                 C:\Program Files (x86)\Microsoft Visual Studio 12.0\VC\include\errno.h(132) : 参见“EWOULDBLOCK”的前一个定义
         TcpChannel.cpp
     1>C:\Users\liu.bo.SFIT\NetMonitor_vss\source\network\SocketInit.h(48): warning C4005: “EWOULDBLOCK”: 宏重定义
                 C:\Program Files (x86)\Microsoft Visual Studio 12.0\VC\include\errno.h(132) : 参见“EWOULDBLOCK”的前一个定义
         TcpClient.cpp
     1>C:\Users\liu.bo.SFIT\NetMonitor_vss\source\network\SocketInit.h(48): warning C4005: “EWOULDBLOCK”: 宏重定义
                 C:\Program Files (x86)\Microsoft Visual Studio 12.0\VC\include\errno.h(132) : 参见“EWOULDBLOCK”的前一个定义
         正在生成代码...
         正在编译...
         TcpServer.cpp
     1>C:\Users\liu.bo.SFIT\NetMonitor_vss\source\network\SocketInit.h(48): warning C4005: “EWOULDBLOCK”: 宏重定义
                 C:\Program Files (x86)\Microsoft Visual Studio 12.0\VC\include\errno.h(132) : 参见“EWOULDBLOCK”的前一个定义
         TcpNetworkFactory.cpp
         Protocol.cpp
         ChannelProtocol.cpp
         ChannelPackage.cpp
         Session.cpp
     1>..\..\source\channelprotocol\Session.cpp(18): warning C4244: “=”: 从“time_t”转换到“DWORD”，可能丢失数据
         SessionFactory.cpp
     1>C:\Users\liu.bo.SFIT\NetMonitor_vss\source\network\SocketInit.h(48): warning C4005: “EWOULDBLOCK”: 宏重定义
                 C:\Program Files (x86)\Microsoft Visual Studio 12.0\VC\include\errno.h(132) : 参见“EWOULDBLOCK”的前一个定义
     1>C:\Users\liu.bo.SFIT\NetMonitor_vss\source\event\SelectReactor.h(81): warning C4018: “<”: 有符号/无符号不匹配
     1>C:\Users\liu.bo.SFIT\NetMonitor_vss\source\event\SelectReactor.h(96): warning C4018: “<”: 有符号/无符号不匹配
     1>C:\Users\liu.bo.SFIT\NetMonitor_vss\source\event\SelectReactor.h(109): warning C4018: “<”: 有符号/无符号不匹配
     1>C:\Users\liu.bo.SFIT\NetMonitor_vss\source\event\SelectReactor.h(122): warning C4018: “<”: 有符号/无符号不匹配
     1>C:\Users\liu.bo.SFIT\NetMonitor_vss\source\event\SelectReactor.h(136): warning C4018: “<”: 有符号/无符号不匹配
     1>C:\Users\liu.bo.SFIT\NetMonitor_vss\source\event\SelectReactor.h(149): warning C4018: “<”: 有符号/无符号不匹配
     1>C:\Users\liu.bo.SFIT\NetMonitor_vss\source\event\SelectReactor.h(337): warning C4018: “<”: 有符号/无符号不匹配
     1>C:\Users\liu.bo.SFIT\NetMonitor_vss\source\event\SelectReactor.h(379): warning C4018: “<”: 有符号/无符号不匹配
     1>C:\Users\liu.bo.SFIT\NetMonitor_vss\source\event\SelectReactor.h(398): warning C4018: “<”: 有符号/无符号不匹配
     1>..\..\source\channelprotocol\SessionFactory.cpp(122): warning C4018: “<”: 有符号/无符号不匹配
     1>..\..\source\channelprotocol\SessionFactory.cpp(132): warning C4018: “<”: 有符号/无符号不匹配
     1>..\..\source\channelprotocol\SessionFactory.cpp(176): warning C4018: “<”: 有符号/无符号不匹配
     1>..\..\source\channelprotocol\SessionFactory.cpp(247): warning C4244: “参数”: 从“time_t”转换到“unsigned int”，可能丢失数据
     1>..\..\source\channelprotocol\SessionFactory.cpp(259): warning C4018: “<”: 有符号/无符号不匹配
         XMPPackage.cpp
     1>c:\users\liu.bo.sfit\netmonitor_vss\source\datastruct\UFDataType.h(1431): warning C4244: “初始化”: 从“const QWORD”转换到“unsigned long”，可能丢失数据
         XMPSession.cpp
     1>c:\users\liu.bo.sfit\netmonitor_vss\source\datastruct\UFDataType.h(1431): warning C4244: “初始化”: 从“const QWORD”转换到“unsigned long”，可能丢失数据
         XMPProtocol.cpp
     1>c:\users\liu.bo.sfit\netmonitor_vss\source\datastruct\UFDataType.h(1431): warning C4244: “初始化”: 从“const QWORD”转换到“unsigned long”，可能丢失数据
         CompressPackage.cpp
         CompressProtocol.cpp
     1>..\..\source\compressprotocol\CompressProtocol.cpp(87): warning C4018: “>=”: 有符号/无符号不匹配
         CompressUtil.cpp
     1>..\..\source\compressprotocol\CompressUtil.cpp(52): warning C4018: “<”: 有符号/无符号不匹配
     1>..\..\source\compressprotocol\CompressUtil.cpp(54): warning C4018: “<”: 有符号/无符号不匹配
     1>..\..\source\compressprotocol\CompressUtil.cpp(70): warning C4018: “<”: 有符号/无符号不匹配
     1>..\..\source\compressprotocol\CompressUtil.cpp(125): warning C4018: “<”: 有符号/无符号不匹配
     1>..\..\source\compressprotocol\CompressUtil.cpp(129): warning C4018: “<”: 有符号/无符号不匹配
         FTDCPackage.cpp
     1>c:\users\liu.bo.sfit\netmonitor_vss\source\datastruct\UFDataType.h(1431): warning C4244: “初始化”: 从“const QWORD”转换到“unsigned long”，可能丢失数据
         FTDCProtocol.cpp
     1>c:\users\liu.bo.sfit\netmonitor_vss\source\datastruct\UFDataType.h(1431): warning C4244: “初始化”: 从“const QWORD”转换到“unsigned long”，可能丢失数据
         FTDCSession.cpp
     1>c:\users\liu.bo.sfit\netmonitor_vss\source\datastruct\UFDataType.h(1431): warning C4244: “初始化”: 从“const QWORD”转换到“unsigned long”，可能丢失数据
         FTDCPubEndPoint.cpp
     1>c:\users\liu.bo.sfit\netmonitor_vss\source\datastruct\UFDataType.h(1431): warning C4244: “初始化”: 从“const QWORD”转换到“unsigned long”，可能丢失数据
         FTDCSubEndPoint.cpp
     1>c:\users\liu.bo.sfit\netmonitor_vss\source\datastruct\UFDataType.h(1431): warning C4244: “初始化”: 从“const QWORD”转换到“unsigned long”，可能丢失数据
         FtdData.cpp
     1>c:\users\liu.bo.sfit\netmonitor_vss\source\datastruct\UFDataType.h(1431): warning C4244: “初始化”: 从“const QWORD”转换到“unsigned long”，可能丢失数据
         FtdPackageDesc.cpp
     1>c:\users\liu.bo.sfit\netmonitor_vss\source\datastruct\UFDataType.h(1431): warning C4244: “初始化”: 从“const QWORD”转换到“unsigned long”，可能丢失数据
         正在生成代码...
         正在编译...
         FtdcSysUserApiImpl.cpp
     1>C:\Users\liu.bo.SFIT\NetMonitor_vss\source\network\SocketInit.h(48): warning C4005: “EWOULDBLOCK”: 宏重定义
                 C:\Program Files (x86)\Microsoft Visual Studio 12.0\VC\include\errno.h(132) : 参见“EWOULDBLOCK”的前一个定义
     1>C:\Users\liu.bo.SFIT\NetMonitor_vss\source\event\SelectReactor.h(81): warning C4018: “<”: 有符号/无符号不匹配
     1>C:\Users\liu.bo.SFIT\NetMonitor_vss\source\event\SelectReactor.h(96): warning C4018: “<”: 有符号/无符号不匹配
     1>C:\Users\liu.bo.SFIT\NetMonitor_vss\source\event\SelectReactor.h(109): warning C4018: “<”: 有符号/无符号不匹配
     1>C:\Users\liu.bo.SFIT\NetMonitor_vss\source\event\SelectReactor.h(122): warning C4018: “<”: 有符号/无符号不匹配
     1>C:\Users\liu.bo.SFIT\NetMonitor_vss\source\event\SelectReactor.h(136): warning C4018: “<”: 有符号/无符号不匹配
     1>C:\Users\liu.bo.SFIT\NetMonitor_vss\source\event\SelectReactor.h(149): warning C4018: “<”: 有符号/无符号不匹配
     1>C:\Users\liu.bo.SFIT\NetMonitor_vss\source\event\SelectReactor.h(337): warning C4018: “<”: 有符号/无符号不匹配
     1>C:\Users\liu.bo.SFIT\NetMonitor_vss\source\event\SelectReactor.h(379): warning C4018: “<”: 有符号/无符号不匹配
     1>C:\Users\liu.bo.SFIT\NetMonitor_vss\source\event\SelectReactor.h(398): warning C4018: “<”: 有符号/无符号不匹配
     1>c:\users\liu.bo.sfit\netmonitor_vss\source\datastruct\UFDataType.h(1431): warning C4244: “初始化”: 从“const QWORD”转换到“unsigned long”，可能丢失数据
         FtdcSysUserApiImplBase.cpp
     1>C:\Users\liu.bo.SFIT\NetMonitor_vss\source\network\SocketInit.h(48): warning C4005: “EWOULDBLOCK”: 宏重定义
                 C:\Program Files (x86)\Microsoft Visual Studio 12.0\VC\include\errno.h(132) : 参见“EWOULDBLOCK”的前一个定义
     1>C:\Users\liu.bo.SFIT\NetMonitor_vss\source\event\SelectReactor.h(81): warning C4018: “<”: 有符号/无符号不匹配
     1>C:\Users\liu.bo.SFIT\NetMonitor_vss\source\event\SelectReactor.h(96): warning C4018: “<”: 有符号/无符号不匹配
     1>C:\Users\liu.bo.SFIT\NetMonitor_vss\source\event\SelectReactor.h(109): warning C4018: “<”: 有符号/无符号不匹配
     1>C:\Users\liu.bo.SFIT\NetMonitor_vss\source\event\SelectReactor.h(122): warning C4018: “<”: 有符号/无符号不匹配
     1>C:\Users\liu.bo.SFIT\NetMonitor_vss\source\event\SelectReactor.h(136): warning C4018: “<”: 有符号/无符号不匹配
     1>C:\Users\liu.bo.SFIT\NetMonitor_vss\source\event\SelectReactor.h(149): warning C4018: “<”: 有符号/无符号不匹配
     1>C:\Users\liu.bo.SFIT\NetMonitor_vss\source\event\SelectReactor.h(337): warning C4018: “<”: 有符号/无符号不匹配
     1>C:\Users\liu.bo.SFIT\NetMonitor_vss\source\event\SelectReactor.h(379): warning C4018: “<”: 有符号/无符号不匹配
     1>C:\Users\liu.bo.SFIT\NetMonitor_vss\source\event\SelectReactor.h(398): warning C4018: “<”: 有符号/无符号不匹配
     1>c:\users\liu.bo.sfit\netmonitor_vss\source\datastruct\UFDataType.h(1431): warning C4244: “初始化”: 从“const QWORD”转换到“unsigned long”，可能丢失数据
     1>..\..\source\sysuserapi\FtdcSysUserApiImplBase.cpp(677): warning C4244: “参数”: 从“DWORD”转换到“WORD”，可能丢失数据
     1>..\..\source\sysuserapi\FtdcSysUserApiImplBase.cpp(679): warning C4244: “参数”: 从“DWORD”转换到“WORD”，可能丢失数据
     1>..\..\source\sysuserapi\FtdcSysUserApiImplBase.cpp(685): warning C4244: “参数”: 从“DWORD”转换到“WORD”，可能丢失数据
         正在生成代码...
     1>C:\Program Files (x86)\MSBuild\Microsoft.Cpp\v4.0\V120\Microsoft.CppBuild.targets(1186,5): warning MSB8012: TargetPath(C:\Users\liu.bo.SFIT\NetMonitor_vss\target\sysuserapidll\.\Release\sysuserapi.dll) does not match the Linker's OutputFile property value (C:\Users\liu.bo.SFIT\NetMonitor_vss\target\sysuserapidll\Release\sysuserapi.exe). This may cause your project to build incorrectly. To correct this, please make sure that $(OutDir), $(TargetName) and $(TargetExt) property values match the value specified in %(Link.OutputFile).
     1>C:\Program Files (x86)\MSBuild\Microsoft.Cpp\v4.0\V120\Microsoft.CppBuild.targets(1187,5): warning MSB8012: TargetExt(.dll) does not match the Linker's OutputFile property value (.exe). This may cause your project to build incorrectly. To correct this, please make sure that $(OutDir), $(TargetName) and $(TargetExt) property values match the value specified in %(Link.OutputFile).
       Link:
         C:\Program Files (x86)\Microsoft Visual Studio 12.0\VC\bin\link.exe /ERRORREPORT:PROMPT /OUT:".\Release\sysuserapi.exe" /INCREMENTAL:NO /NOLOGO odbc32.lib odbccp32.lib wsock32.lib kernel32.lib user32.lib gdi32.lib winspool.lib comdlg32.lib advapi32.lib shell32.lib ole32.lib oleaut32.lib uuid.lib odbc32.lib odbccp32.lib /MANIFEST /MANIFESTUAC:"level='asInvoker' uiAccess='false'" /manifest:embed /PDB:".\Release\sysuserapi.pdb" /TLBID:1 /DYNAMICBASE /NXCOMPAT /IMPLIB:".\Release\sysuserapi.lib" /MACHINE:X86 /SAFESEH  /FIXED:NO  /WARN:2 /DLL .\Release\system.obj
         .\Release\platform.obj
         .\Release\mpath.obj
         .\Release\CBaseObject.obj
         .\Release\DesignError.obj
         .\Release\RuntimeError.obj
         .\Release\CLogger.obj
         .\Release\CProbeLogger.obj
         .\Release\monitorIndex.obj
         .\Release\CTimeMeter.obj
         .\Release\utility.obj
         .\Release\Config.obj
         .\Release\CSyslogService.obj
         .\Release\CFilelogService.obj
         .\Release\CConfig.obj
         .\Release\CFixMem.obj
         .\Release\CAVLTree.obj
         .\Release\CTransaction.obj
         .\Release\CMemory.obj
         .\Release\CFiniteState.obj
         .\Release\CacheList.obj
         .\Release\FieldDescribe.obj
         .\Release\FieldSet.obj
         .\Release\Index.obj
         .\Release\Package.obj
         .\Release\Flow.obj
         .\Release\ReadOnlyFlow.obj
         .\Release\FlowReader.obj
         .\Release\OrderingQ.obj
         .\Release\CachedFileFlow.obj
         .\Release\CachedFlow.obj
         .\Release\FileFlow.obj
         .\Release\IndexPackageFlow.obj
         .\Release\CSVParser.obj
         .\Release\CSequenceInterface.obj
         .\Release\CMemorySequence.obj
         .\Release\CErrorEngine.obj
         .\Release\CDate.obj
         .\Release\Allocator.obj
         .\Release\CHashIndex.obj
         .\Release\PtrList.obj
         .\Release\ObjAllocator.obj
         .\Release\EventHandler.obj
         .\Release\EventQueue.obj
         .\Release\EventDispatcher.obj
         .\Release\Reactor.obj
         .\Release\Semaphore.obj
         .\Release\Thread.obj
         .\Release\SelectReactor.obj
         .\Release\TimerHeap.obj
         .\Release\EpollReactor.obj
         .\Release\Channel.obj
         .\Release\Client.obj
         .\Release\ListenCtrl.obj
         .\Release\NetworkFactory.obj
         .\Release\Server.obj
         .\Release\ServiceName.obj
         .\Release\SocketInit.obj
         .\Release\TcpChannel.obj
         .\Release\TcpClient.obj
         .\Release\TcpServer.obj
         .\Release\TcpNetworkFactory.obj
         .\Release\Protocol.obj
         .\Release\ChannelProtocol.obj
         .\Release\ChannelPackage.obj
         .\Release\Session.obj
         .\Release\SessionFactory.obj
         .\Release\XMPPackage.obj
         .\Release\XMPSession.obj
         .\Release\XMPProtocol.obj
         .\Release\CompressPackage.obj
         .\Release\CompressProtocol.obj
         .\Release\CompressUtil.obj
         .\Release\FTDCPackage.obj
         .\Release\FTDCProtocol.obj
         .\Release\FTDCSession.obj
         .\Release\FTDCPubEndPoint.obj
         .\Release\FTDCSubEndPoint.obj
         .\Release\FtdData.obj
         .\Release\FtdPackageDesc.obj
         .\Release\FtdcSysUserApiImpl.obj
         .\Release\FtdcSysUserApiImplBase.obj
     1>LINK : warning LNK4044: 无法识别的选项“/WARN:2”；已忽略
            正在创建库 .\Release\sysuserapi.lib 和对象 .\Release\sysuserapi.exp
         sysuserapi.vcxproj -> C:\Users\liu.bo.SFIT\NetMonitor_vss\target\sysuserapidll\.\Release\sysuserapi.dll
     1>已完成生成项目“C:\Users\liu.bo.SFIT\NetMonitor_vss\target\sysuserapidll\sysuserapi.vcxproj”(Rebuild 个目标)的操作。

生成成功。

已用时间 00:01:05.67
