c:\users\liu.bo.sfit\netmonitor_vss\target\sysuserapidll\release\vc120.pdb
c:\users\liu.bo.sfit\netmonitor_vss\target\sysuserapidll\release\cfinitestate.obj
c:\users\liu.bo.sfit\netmonitor_vss\target\sysuserapidll\release\cmemory.obj
c:\users\liu.bo.sfit\netmonitor_vss\target\sysuserapidll\release\ctransaction.obj
c:\users\liu.bo.sfit\netmonitor_vss\target\sysuserapidll\release\cavltree.obj
c:\users\liu.bo.sfit\netmonitor_vss\target\sysuserapidll\release\cfixmem.obj
c:\users\liu.bo.sfit\netmonitor_vss\target\sysuserapidll\release\cconfig.obj
c:\users\liu.bo.sfit\netmonitor_vss\target\sysuserapidll\release\cfilelogservice.obj
c:\users\liu.bo.sfit\netmonitor_vss\target\sysuserapidll\release\csyslogservice.obj
c:\users\liu.bo.sfit\netmonitor_vss\target\sysuserapidll\release\config.obj
c:\users\liu.bo.sfit\netmonitor_vss\target\sysuserapidll\release\utility.obj
c:\users\liu.bo.sfit\netmonitor_vss\target\sysuserapidll\release\ctimemeter.obj
c:\users\liu.bo.sfit\netmonitor_vss\target\sysuserapidll\release\monitorindex.obj
c:\users\liu.bo.sfit\netmonitor_vss\target\sysuserapidll\release\cprobelogger.obj
c:\users\liu.bo.sfit\netmonitor_vss\target\sysuserapidll\release\clogger.obj
c:\users\liu.bo.sfit\netmonitor_vss\target\sysuserapidll\release\runtimeerror.obj
c:\users\liu.bo.sfit\netmonitor_vss\target\sysuserapidll\release\designerror.obj
c:\users\liu.bo.sfit\netmonitor_vss\target\sysuserapidll\release\cbaseobject.obj
c:\users\liu.bo.sfit\netmonitor_vss\target\sysuserapidll\release\mpath.obj
c:\users\liu.bo.sfit\netmonitor_vss\target\sysuserapidll\release\platform.obj
c:\users\liu.bo.sfit\netmonitor_vss\target\sysuserapidll\release\system.obj
c:\users\liu.bo.sfit\netmonitor_vss\target\sysuserapidll\release\chashindex.obj
c:\users\liu.bo.sfit\netmonitor_vss\target\sysuserapidll\release\allocator.obj
c:\users\liu.bo.sfit\netmonitor_vss\target\sysuserapidll\release\cdate.obj
c:\users\liu.bo.sfit\netmonitor_vss\target\sysuserapidll\release\cerrorengine.obj
c:\users\liu.bo.sfit\netmonitor_vss\target\sysuserapidll\release\cmemorysequence.obj
c:\users\liu.bo.sfit\netmonitor_vss\target\sysuserapidll\release\csequenceinterface.obj
c:\users\liu.bo.sfit\netmonitor_vss\target\sysuserapidll\release\csvparser.obj
c:\users\liu.bo.sfit\netmonitor_vss\target\sysuserapidll\release\indexpackageflow.obj
c:\users\liu.bo.sfit\netmonitor_vss\target\sysuserapidll\release\fileflow.obj
c:\users\liu.bo.sfit\netmonitor_vss\target\sysuserapidll\release\cachedflow.obj
c:\users\liu.bo.sfit\netmonitor_vss\target\sysuserapidll\release\cachedfileflow.obj
c:\users\liu.bo.sfit\netmonitor_vss\target\sysuserapidll\release\orderingq.obj
c:\users\liu.bo.sfit\netmonitor_vss\target\sysuserapidll\release\flowreader.obj
c:\users\liu.bo.sfit\netmonitor_vss\target\sysuserapidll\release\readonlyflow.obj
c:\users\liu.bo.sfit\netmonitor_vss\target\sysuserapidll\release\flow.obj
c:\users\liu.bo.sfit\netmonitor_vss\target\sysuserapidll\release\package.obj
c:\users\liu.bo.sfit\netmonitor_vss\target\sysuserapidll\release\index.obj
c:\users\liu.bo.sfit\netmonitor_vss\target\sysuserapidll\release\fieldset.obj
c:\users\liu.bo.sfit\netmonitor_vss\target\sysuserapidll\release\fielddescribe.obj
c:\users\liu.bo.sfit\netmonitor_vss\target\sysuserapidll\release\cachelist.obj
c:\users\liu.bo.sfit\netmonitor_vss\target\sysuserapidll\release\tcpclient.obj
c:\users\liu.bo.sfit\netmonitor_vss\target\sysuserapidll\release\tcpchannel.obj
c:\users\liu.bo.sfit\netmonitor_vss\target\sysuserapidll\release\socketinit.obj
c:\users\liu.bo.sfit\netmonitor_vss\target\sysuserapidll\release\servicename.obj
c:\users\liu.bo.sfit\netmonitor_vss\target\sysuserapidll\release\server.obj
c:\users\liu.bo.sfit\netmonitor_vss\target\sysuserapidll\release\networkfactory.obj
c:\users\liu.bo.sfit\netmonitor_vss\target\sysuserapidll\release\listenctrl.obj
c:\users\liu.bo.sfit\netmonitor_vss\target\sysuserapidll\release\client.obj
c:\users\liu.bo.sfit\netmonitor_vss\target\sysuserapidll\release\channel.obj
c:\users\liu.bo.sfit\netmonitor_vss\target\sysuserapidll\release\epollreactor.obj
c:\users\liu.bo.sfit\netmonitor_vss\target\sysuserapidll\release\timerheap.obj
c:\users\liu.bo.sfit\netmonitor_vss\target\sysuserapidll\release\selectreactor.obj
c:\users\liu.bo.sfit\netmonitor_vss\target\sysuserapidll\release\thread.obj
c:\users\liu.bo.sfit\netmonitor_vss\target\sysuserapidll\release\semaphore.obj
c:\users\liu.bo.sfit\netmonitor_vss\target\sysuserapidll\release\reactor.obj
c:\users\liu.bo.sfit\netmonitor_vss\target\sysuserapidll\release\eventdispatcher.obj
c:\users\liu.bo.sfit\netmonitor_vss\target\sysuserapidll\release\eventqueue.obj
c:\users\liu.bo.sfit\netmonitor_vss\target\sysuserapidll\release\eventhandler.obj
c:\users\liu.bo.sfit\netmonitor_vss\target\sysuserapidll\release\objallocator.obj
c:\users\liu.bo.sfit\netmonitor_vss\target\sysuserapidll\release\ptrlist.obj
c:\users\liu.bo.sfit\netmonitor_vss\target\sysuserapidll\release\ftdpackagedesc.obj
c:\users\liu.bo.sfit\netmonitor_vss\target\sysuserapidll\release\ftddata.obj
c:\users\liu.bo.sfit\netmonitor_vss\target\sysuserapidll\release\ftdcsubendpoint.obj
c:\users\liu.bo.sfit\netmonitor_vss\target\sysuserapidll\release\ftdcpubendpoint.obj
c:\users\liu.bo.sfit\netmonitor_vss\target\sysuserapidll\release\ftdcsession.obj
c:\users\liu.bo.sfit\netmonitor_vss\target\sysuserapidll\release\ftdcprotocol.obj
c:\users\liu.bo.sfit\netmonitor_vss\target\sysuserapidll\release\ftdcpackage.obj
c:\users\liu.bo.sfit\netmonitor_vss\target\sysuserapidll\release\compressutil.obj
c:\users\liu.bo.sfit\netmonitor_vss\target\sysuserapidll\release\compressprotocol.obj
c:\users\liu.bo.sfit\netmonitor_vss\target\sysuserapidll\release\compresspackage.obj
c:\users\liu.bo.sfit\netmonitor_vss\target\sysuserapidll\release\xmpprotocol.obj
c:\users\liu.bo.sfit\netmonitor_vss\target\sysuserapidll\release\xmpsession.obj
c:\users\liu.bo.sfit\netmonitor_vss\target\sysuserapidll\release\xmppackage.obj
c:\users\liu.bo.sfit\netmonitor_vss\target\sysuserapidll\release\sessionfactory.obj
c:\users\liu.bo.sfit\netmonitor_vss\target\sysuserapidll\release\session.obj
c:\users\liu.bo.sfit\netmonitor_vss\target\sysuserapidll\release\channelpackage.obj
c:\users\liu.bo.sfit\netmonitor_vss\target\sysuserapidll\release\channelprotocol.obj
c:\users\liu.bo.sfit\netmonitor_vss\target\sysuserapidll\release\protocol.obj
c:\users\liu.bo.sfit\netmonitor_vss\target\sysuserapidll\release\tcpnetworkfactory.obj
c:\users\liu.bo.sfit\netmonitor_vss\target\sysuserapidll\release\tcpserver.obj
c:\users\liu.bo.sfit\netmonitor_vss\target\sysuserapidll\release\ftdcsysuserapiimplbase.obj
c:\users\liu.bo.sfit\netmonitor_vss\target\sysuserapidll\release\ftdcsysuserapiimpl.obj
c:\users\liu.bo.sfit\netmonitor_vss\target\sysuserapidll\release\sysuserapi.exp
c:\users\liu.bo.sfit\netmonitor_vss\target\sysuserapidll\release\sysuserapi.tlog\cl.command.1.tlog
c:\users\liu.bo.sfit\netmonitor_vss\target\sysuserapidll\release\sysuserapi.tlog\cl.read.1.tlog
c:\users\liu.bo.sfit\netmonitor_vss\target\sysuserapidll\release\sysuserapi.tlog\cl.write.1.tlog
c:\users\liu.bo.sfit\netmonitor_vss\target\sysuserapidll\release\sysuserapi.tlog\link.command.1.tlog
c:\users\liu.bo.sfit\netmonitor_vss\target\sysuserapidll\release\sysuserapi.tlog\link.read.1.tlog
c:\users\liu.bo.sfit\netmonitor_vss\target\sysuserapidll\release\sysuserapi.tlog\link.write.1.tlog
