生成启动时间为 2016/11/10 16:39:29。
     1>项目“C:\Users\liu.bo.SFIT\NetMonitor_vss\target\sysuserapidll\sysuserapi.vcxproj”在节点 2 上(Build 个目标)。
     1>ClCompile:
         C:\Program Files (x86)\Microsoft Visual Studio 12.0\VC\bin\CL.exe /c /I..\..\source\platform\. /I..\..\source\base\. /I..\..\source\utility\. /I..\..\source\probelogger\. /I..\..\source\datastruct\. /I..\..\source\event\. /I..\..\source\network\. /I..\..\source\tcpnetwork\. /I..\..\source\protocol\. /I..\..\source\channelprotocol\. /I..\..\source\xmpprotocol\. /I..\..\source\compressprotocol\. /I..\..\source\ftdprotocol\. /I..\..\source\customDataType\. /I..\..\source\ftdfield\. /I..\..\source\UFCopy\. /I..\..\source\sysuserapi\. /Zi /nologo /W3 /WX- /Od /Oy- /D LIB_SYSUSER_API_EXPORT /D DEBUG_NOT_LOG /D DEBUG /D DEBUG_LOG /D WINDOWS /D MSVC /D ISLIB /D _VC80_UPGRADE=0x0600 /D _WINDLL /Gm- /EHsc /MTd /GS /Gy- /fp:precise /Zc:wchar_t /Zc:forScope /Fo".\Debug\\" /Fd".\Debug\vc120.pdb" /Gd /TP /analyze- /errorReport:prompt  -EHsc   -EHsc ..\..\source\ftdfield\FtdData.cpp ..\..\source\ftdfield\FtdPackageDesc.cpp ..\..\source\sysuserapi\FtdcSysUserApiImpl.cpp ..\..\source\sysuserapi\FtdcSysUserApiImplBase.cpp
         FtdData.cpp
     1>c:\users\liu.bo.sfit\netmonitor_vss\source\datastruct\UFDataType.h(1431): warning C4244: “初始化”: 从“const QWORD”转换到“unsigned long”，可能丢失数据
         FtdPackageDesc.cpp
     1>c:\users\liu.bo.sfit\netmonitor_vss\source\datastruct\UFDataType.h(1431): warning C4244: “初始化”: 从“const QWORD”转换到“unsigned long”，可能丢失数据
         FtdcSysUserApiImpl.cpp
     1>C:\Users\liu.bo.SFIT\NetMonitor_vss\source\network\SocketInit.h(48): warning C4005: “EWOULDBLOCK”: 宏重定义
                 C:\Program Files (x86)\Microsoft Visual Studio 12.0\VC\include\errno.h(132) : 参见“EWOULDBLOCK”的前一个定义
     1>C:\Users\liu.bo.SFIT\NetMonitor_vss\source\event\SelectReactor.h(81): warning C4018: “<”: 有符号/无符号不匹配
     1>C:\Users\liu.bo.SFIT\NetMonitor_vss\source\event\SelectReactor.h(96): warning C4018: “<”: 有符号/无符号不匹配
     1>C:\Users\liu.bo.SFIT\NetMonitor_vss\source\event\SelectReactor.h(109): warning C4018: “<”: 有符号/无符号不匹配
     1>C:\Users\liu.bo.SFIT\NetMonitor_vss\source\event\SelectReactor.h(122): warning C4018: “<”: 有符号/无符号不匹配
     1>C:\Users\liu.bo.SFIT\NetMonitor_vss\source\event\SelectReactor.h(136): warning C4018: “<”: 有符号/无符号不匹配
     1>C:\Users\liu.bo.SFIT\NetMonitor_vss\source\event\SelectReactor.h(149): warning C4018: “<”: 有符号/无符号不匹配
     1>C:\Users\liu.bo.SFIT\NetMonitor_vss\source\event\SelectReactor.h(337): warning C4018: “<”: 有符号/无符号不匹配
     1>C:\Users\liu.bo.SFIT\NetMonitor_vss\source\event\SelectReactor.h(379): warning C4018: “<”: 有符号/无符号不匹配
     1>C:\Users\liu.bo.SFIT\NetMonitor_vss\source\event\SelectReactor.h(398): warning C4018: “<”: 有符号/无符号不匹配
     1>c:\users\liu.bo.sfit\netmonitor_vss\source\datastruct\UFDataType.h(1431): warning C4244: “初始化”: 从“const QWORD”转换到“unsigned long”，可能丢失数据
         FtdcSysUserApiImplBase.cpp
     1>C:\Users\liu.bo.SFIT\NetMonitor_vss\source\network\SocketInit.h(48): warning C4005: “EWOULDBLOCK”: 宏重定义
                 C:\Program Files (x86)\Microsoft Visual Studio 12.0\VC\include\errno.h(132) : 参见“EWOULDBLOCK”的前一个定义
     1>C:\Users\liu.bo.SFIT\NetMonitor_vss\source\event\SelectReactor.h(81): warning C4018: “<”: 有符号/无符号不匹配
     1>C:\Users\liu.bo.SFIT\NetMonitor_vss\source\event\SelectReactor.h(96): warning C4018: “<”: 有符号/无符号不匹配
     1>C:\Users\liu.bo.SFIT\NetMonitor_vss\source\event\SelectReactor.h(109): warning C4018: “<”: 有符号/无符号不匹配
     1>C:\Users\liu.bo.SFIT\NetMonitor_vss\source\event\SelectReactor.h(122): warning C4018: “<”: 有符号/无符号不匹配
     1>C:\Users\liu.bo.SFIT\NetMonitor_vss\source\event\SelectReactor.h(136): warning C4018: “<”: 有符号/无符号不匹配
     1>C:\Users\liu.bo.SFIT\NetMonitor_vss\source\event\SelectReactor.h(149): warning C4018: “<”: 有符号/无符号不匹配
     1>C:\Users\liu.bo.SFIT\NetMonitor_vss\source\event\SelectReactor.h(337): warning C4018: “<”: 有符号/无符号不匹配
     1>C:\Users\liu.bo.SFIT\NetMonitor_vss\source\event\SelectReactor.h(379): warning C4018: “<”: 有符号/无符号不匹配
     1>C:\Users\liu.bo.SFIT\NetMonitor_vss\source\event\SelectReactor.h(398): warning C4018: “<”: 有符号/无符号不匹配
     1>c:\users\liu.bo.sfit\netmonitor_vss\source\datastruct\UFDataType.h(1431): warning C4244: “初始化”: 从“const QWORD”转换到“unsigned long”，可能丢失数据
     1>..\..\source\sysuserapi\FtdcSysUserApiImplBase.cpp(677): warning C4244: “参数”: 从“DWORD”转换到“WORD”，可能丢失数据
     1>..\..\source\sysuserapi\FtdcSysUserApiImplBase.cpp(679): warning C4244: “参数”: 从“DWORD”转换到“WORD”，可能丢失数据
     1>..\..\source\sysuserapi\FtdcSysUserApiImplBase.cpp(685): warning C4244: “参数”: 从“DWORD”转换到“WORD”，可能丢失数据
         正在生成代码...
       Link:
         C:\Program Files (x86)\Microsoft Visual Studio 12.0\VC\bin\link.exe /ERRORREPORT:PROMPT /OUT:".\Debug\sysuserapi.dll" /INCREMENTAL /NOLOGO odbc32.lib odbccp32.lib wsock32.lib kernel32.lib user32.lib gdi32.lib winspool.lib comdlg32.lib advapi32.lib shell32.lib ole32.lib oleaut32.lib uuid.lib odbc32.lib odbccp32.lib /MANIFEST /MANIFESTUAC:"level='asInvoker' uiAccess='false'" /manifest:embed /DEBUG /PDB:".\Debug\sysuserapi.pdb" /TLBID:1 /DYNAMICBASE /NXCOMPAT /IMPLIB:".\Debug\sysuserapi.lib" /MACHINE:X86 /SAFESEH  /FIXED:NO  /WARN:2 /DLL .\Debug\system.obj
         .\Debug\platform.obj
         .\Debug\mpath.obj
         .\Debug\CBaseObject.obj
         .\Debug\DesignError.obj
         .\Debug\RuntimeError.obj
         .\Debug\CLogger.obj
         .\Debug\CProbeLogger.obj
         .\Debug\monitorIndex.obj
         .\Debug\CTimeMeter.obj
         .\Debug\utility.obj
         .\Debug\Config.obj
         .\Debug\CSyslogService.obj
         .\Debug\CFilelogService.obj
         .\Debug\CConfig.obj
         .\Debug\CFixMem.obj
         .\Debug\CAVLTree.obj
         .\Debug\CTransaction.obj
         .\Debug\CMemory.obj
         .\Debug\CFiniteState.obj
         .\Debug\CacheList.obj
         .\Debug\FieldDescribe.obj
         .\Debug\FieldSet.obj
         .\Debug\Index.obj
         .\Debug\Package.obj
         .\Debug\Flow.obj
         .\Debug\ReadOnlyFlow.obj
         .\Debug\FlowReader.obj
         .\Debug\OrderingQ.obj
         .\Debug\CachedFileFlow.obj
         .\Debug\CachedFlow.obj
         .\Debug\FileFlow.obj
         .\Debug\IndexPackageFlow.obj
         .\Debug\CSVParser.obj
         .\Debug\CSequenceInterface.obj
         .\Debug\CMemorySequence.obj
         .\Debug\CErrorEngine.obj
         .\Debug\CDate.obj
         .\Debug\Allocator.obj
         .\Debug\CHashIndex.obj
         .\Debug\PtrList.obj
         .\Debug\ObjAllocator.obj
         .\Debug\EventHandler.obj
         .\Debug\EventQueue.obj
         .\Debug\EventDispatcher.obj
         .\Debug\Reactor.obj
         .\Debug\Semaphore.obj
         .\Debug\Thread.obj
         .\Debug\SelectReactor.obj
         .\Debug\TimerHeap.obj
         .\Debug\EpollReactor.obj
         .\Debug\Channel.obj
         .\Debug\Client.obj
         .\Debug\ListenCtrl.obj
         .\Debug\NetworkFactory.obj
         .\Debug\Server.obj
         .\Debug\ServiceName.obj
         .\Debug\SocketInit.obj
         .\Debug\TcpChannel.obj
         .\Debug\TcpClient.obj
         .\Debug\TcpServer.obj
         .\Debug\TcpNetworkFactory.obj
         .\Debug\Protocol.obj
         .\Debug\ChannelProtocol.obj
         .\Debug\ChannelPackage.obj
         .\Debug\Session.obj
         .\Debug\SessionFactory.obj
         .\Debug\XMPPackage.obj
         .\Debug\XMPSession.obj
         .\Debug\XMPProtocol.obj
         .\Debug\CompressPackage.obj
         .\Debug\CompressProtocol.obj
         .\Debug\CompressUtil.obj
         .\Debug\FTDCPackage.obj
         .\Debug\FTDCProtocol.obj
         .\Debug\FTDCSession.obj
         .\Debug\FTDCPubEndPoint.obj
         .\Debug\FTDCSubEndPoint.obj
         .\Debug\FtdData.obj
         .\Debug\FtdPackageDesc.obj
         .\Debug\FtdcSysUserApiImpl.obj
         .\Debug\FtdcSysUserApiImplBase.obj
     1>LINK : warning LNK4044: 无法识别的选项“/WARN:2”；已忽略
         sysuserapi.vcxproj -> C:\Users\liu.bo.SFIT\NetMonitor_vss\target\sysuserapidll\.\Debug\sysuserapi.dll
     1>已完成生成项目“C:\Users\liu.bo.SFIT\NetMonitor_vss\target\sysuserapidll\sysuserapi.vcxproj”(Build 个目标)的操作。

生成成功。

已用时间 00:00:08.42
