c:\users\liu.bo.sfit\netmonitor_vss\target\sysfront\debug\fielddescribe.obj
c:\users\liu.bo.sfit\netmonitor_vss\target\sysfront\debug\cachelist.obj
c:\users\liu.bo.sfit\netmonitor_vss\target\sysfront\debug\cfinitestate.obj
c:\users\liu.bo.sfit\netmonitor_vss\target\sysfront\debug\cmemory.obj
c:\users\liu.bo.sfit\netmonitor_vss\target\sysfront\debug\ctransaction.obj
c:\users\liu.bo.sfit\netmonitor_vss\target\sysfront\debug\cavltree.obj
c:\users\liu.bo.sfit\netmonitor_vss\target\sysfront\debug\cfixmem.obj
c:\users\liu.bo.sfit\netmonitor_vss\target\sysfront\debug\cconfig.obj
c:\users\liu.bo.sfit\netmonitor_vss\target\sysfront\debug\config.obj
c:\users\liu.bo.sfit\netmonitor_vss\target\sysfront\debug\utility.obj
c:\users\liu.bo.sfit\netmonitor_vss\target\sysfront\debug\ctimemeter.obj
c:\users\liu.bo.sfit\netmonitor_vss\target\sysfront\debug\monitorindex.obj
c:\users\liu.bo.sfit\netmonitor_vss\target\sysfront\debug\cprobelogger.obj
c:\users\liu.bo.sfit\netmonitor_vss\target\sysfront\debug\clogger.obj
c:\users\liu.bo.sfit\netmonitor_vss\target\sysfront\debug\runtimeerror.obj
c:\users\liu.bo.sfit\netmonitor_vss\target\sysfront\debug\designerror.obj
c:\users\liu.bo.sfit\netmonitor_vss\target\sysfront\debug\cbaseobject.obj
c:\users\liu.bo.sfit\netmonitor_vss\target\sysfront\debug\mpath.obj
c:\users\liu.bo.sfit\netmonitor_vss\target\sysfront\debug\platform.obj
c:\users\liu.bo.sfit\netmonitor_vss\target\sysfront\debug\system.obj
c:\users\liu.bo.sfit\netmonitor_vss\target\sysfront\debug\objallocator.obj
c:\users\liu.bo.sfit\netmonitor_vss\target\sysfront\debug\ptrlist.obj
c:\users\liu.bo.sfit\netmonitor_vss\target\sysfront\debug\chashindex.obj
c:\users\liu.bo.sfit\netmonitor_vss\target\sysfront\debug\allocator.obj
c:\users\liu.bo.sfit\netmonitor_vss\target\sysfront\debug\cdate.obj
c:\users\liu.bo.sfit\netmonitor_vss\target\sysfront\debug\cerrorengine.obj
c:\users\liu.bo.sfit\netmonitor_vss\target\sysfront\debug\cmemorysequence.obj
c:\users\liu.bo.sfit\netmonitor_vss\target\sysfront\debug\csequenceinterface.obj
c:\users\liu.bo.sfit\netmonitor_vss\target\sysfront\debug\csvparser.obj
c:\users\liu.bo.sfit\netmonitor_vss\target\sysfront\debug\indexpackageflow.obj
c:\users\liu.bo.sfit\netmonitor_vss\target\sysfront\debug\fileflow.obj
c:\users\liu.bo.sfit\netmonitor_vss\target\sysfront\debug\cachedflow.obj
c:\users\liu.bo.sfit\netmonitor_vss\target\sysfront\debug\cachedfileflow.obj
c:\users\liu.bo.sfit\netmonitor_vss\target\sysfront\debug\orderingq.obj
c:\users\liu.bo.sfit\netmonitor_vss\target\sysfront\debug\flowreader.obj
c:\users\liu.bo.sfit\netmonitor_vss\target\sysfront\debug\readonlyflow.obj
c:\users\liu.bo.sfit\netmonitor_vss\target\sysfront\debug\flow.obj
c:\users\liu.bo.sfit\netmonitor_vss\target\sysfront\debug\package.obj
c:\users\liu.bo.sfit\netmonitor_vss\target\sysfront\debug\index.obj
c:\users\liu.bo.sfit\netmonitor_vss\target\sysfront\debug\fieldset.obj
c:\users\liu.bo.sfit\netmonitor_vss\target\sysfront\debug\tcpnetworkfactory.obj
c:\users\liu.bo.sfit\netmonitor_vss\target\sysfront\debug\tcpserver.obj
c:\users\liu.bo.sfit\netmonitor_vss\target\sysfront\debug\tcpclient.obj
c:\users\liu.bo.sfit\netmonitor_vss\target\sysfront\debug\tcpchannel.obj
c:\users\liu.bo.sfit\netmonitor_vss\target\sysfront\debug\socketinit.obj
c:\users\liu.bo.sfit\netmonitor_vss\target\sysfront\debug\servicename.obj
c:\users\liu.bo.sfit\netmonitor_vss\target\sysfront\debug\server.obj
c:\users\liu.bo.sfit\netmonitor_vss\target\sysfront\debug\networkfactory.obj
c:\users\liu.bo.sfit\netmonitor_vss\target\sysfront\debug\listenctrl.obj
c:\users\liu.bo.sfit\netmonitor_vss\target\sysfront\debug\client.obj
c:\users\liu.bo.sfit\netmonitor_vss\target\sysfront\debug\channel.obj
c:\users\liu.bo.sfit\netmonitor_vss\target\sysfront\debug\epollreactor.obj
c:\users\liu.bo.sfit\netmonitor_vss\target\sysfront\debug\timerheap.obj
c:\users\liu.bo.sfit\netmonitor_vss\target\sysfront\debug\selectreactor.obj
c:\users\liu.bo.sfit\netmonitor_vss\target\sysfront\debug\thread.obj
c:\users\liu.bo.sfit\netmonitor_vss\target\sysfront\debug\semaphore.obj
c:\users\liu.bo.sfit\netmonitor_vss\target\sysfront\debug\reactor.obj
c:\users\liu.bo.sfit\netmonitor_vss\target\sysfront\debug\eventdispatcher.obj
c:\users\liu.bo.sfit\netmonitor_vss\target\sysfront\debug\eventqueue.obj
c:\users\liu.bo.sfit\netmonitor_vss\target\sysfront\debug\eventhandler.obj
c:\users\liu.bo.sfit\netmonitor_vss\target\sysfront\debug\ftdcprotocol.obj
c:\users\liu.bo.sfit\netmonitor_vss\target\sysfront\debug\ftdcpackage.obj
c:\users\liu.bo.sfit\netmonitor_vss\target\sysfront\debug\compressutil.obj
c:\users\liu.bo.sfit\netmonitor_vss\target\sysfront\debug\compressprotocol.obj
c:\users\liu.bo.sfit\netmonitor_vss\target\sysfront\debug\compresspackage.obj
c:\users\liu.bo.sfit\netmonitor_vss\target\sysfront\debug\xmpprotocol.obj
c:\users\liu.bo.sfit\netmonitor_vss\target\sysfront\debug\xmpsession.obj
c:\users\liu.bo.sfit\netmonitor_vss\target\sysfront\debug\xmppackage.obj
c:\users\liu.bo.sfit\netmonitor_vss\target\sysfront\debug\scpprotocol.obj
c:\users\liu.bo.sfit\netmonitor_vss\target\sysfront\debug\scppackagedesc.obj
c:\users\liu.bo.sfit\netmonitor_vss\target\sysfront\debug\scppackage.obj
c:\users\liu.bo.sfit\netmonitor_vss\target\sysfront\debug\sessionfactory.obj
c:\users\liu.bo.sfit\netmonitor_vss\target\sysfront\debug\session.obj
c:\users\liu.bo.sfit\netmonitor_vss\target\sysfront\debug\channelpackage.obj
c:\users\liu.bo.sfit\netmonitor_vss\target\sysfront\debug\channelprotocol.obj
c:\users\liu.bo.sfit\netmonitor_vss\target\sysfront\debug\protocol.obj
c:\users\liu.bo.sfit\netmonitor_vss\target\sysfront\debug\udpnetworkfactory.obj
c:\users\liu.bo.sfit\netmonitor_vss\target\sysfront\debug\udpserver.obj
c:\users\liu.bo.sfit\netmonitor_vss\target\sysfront\debug\udpclient.obj
c:\users\liu.bo.sfit\netmonitor_vss\target\sysfront\debug\udpchannel.obj
c:\users\liu.bo.sfit\netmonitor_vss\target\sysfront\debug\cmemorydb.obj
c:\users\liu.bo.sfit\netmonitor_vss\target\sysfront\debug\databaseiterators.obj
c:\users\liu.bo.sfit\netmonitor_vss\target\sysfront\debug\databasefactorysearchs.obj
c:\users\liu.bo.sfit\netmonitor_vss\target\sysfront\debug\databasefactories.obj
c:\users\liu.bo.sfit\netmonitor_vss\target\sysfront\debug\databaseresources.obj
c:\users\liu.bo.sfit\netmonitor_vss\target\sysfront\debug\basedatastruct.obj
c:\users\liu.bo.sfit\netmonitor_vss\target\sysfront\debug\cdatabaseresource.obj
c:\users\liu.bo.sfit\netmonitor_vss\target\sysfront\debug\cdatabasedatafactory.obj
c:\users\liu.bo.sfit\netmonitor_vss\target\sysfront\debug\ftdpackagedesc.obj
c:\users\liu.bo.sfit\netmonitor_vss\target\sysfront\debug\ftddata.obj
c:\users\liu.bo.sfit\netmonitor_vss\target\sysfront\debug\refstring.obj
c:\users\liu.bo.sfit\netmonitor_vss\target\sysfront\debug\version.obj
c:\users\liu.bo.sfit\netmonitor_vss\target\sysfront\debug\cdes.obj
c:\users\liu.bo.sfit\netmonitor_vss\target\sysfront\debug\cfilelogservice.obj
c:\users\liu.bo.sfit\netmonitor_vss\target\sysfront\debug\csyslogservice.obj
c:\users\liu.bo.sfit\netmonitor_vss\target\sysfront\debug\xmlaction.obj
c:\users\liu.bo.sfit\netmonitor_vss\target\sysfront\debug\cxml.obj
c:\users\liu.bo.sfit\netmonitor_vss\target\sysfront\debug\ftdcsubendpoint.obj
c:\users\liu.bo.sfit\netmonitor_vss\target\sysfront\debug\ftdcpubendpoint.obj
c:\users\liu.bo.sfit\netmonitor_vss\target\sysfront\debug\ftdcsession.obj
c:\users\liu.bo.sfit\netmonitor_vss\target\sysfront\debug\ccalendar.obj
c:\users\liu.bo.sfit\netmonitor_vss\target\sysfront\debug\prjcommon.obj
c:\users\liu.bo.sfit\netmonitor_vss\target\sysfront\debug\cdeployconfig.obj
c:\users\liu.bo.sfit\netmonitor_vss\target\sysfront\debug\stringutil.obj
c:\users\liu.bo.sfit\netmonitor_vss\target\sysfront\debug\threadpool.obj
c:\users\liu.bo.sfit\netmonitor_vss\target\sysfront\debug\ctimepolicy.obj
c:\users\liu.bo.sfit\netmonitor_vss\target\sysfront\debug\md5handler.obj
c:\users\liu.bo.sfit\netmonitor_vss\target\sysfront\debug\filerecordfinder.obj
c:\users\liu.bo.sfit\netmonitor_vss\target\sysfront\debug\xmlcfg.obj
c:\users\liu.bo.sfit\netmonitor_vss\target\sysfront\debug\systools.obj
c:\users\liu.bo.sfit\netmonitor_vss\target\sysfront\debug\databaseiteratorrepository.obj
c:\users\liu.bo.sfit\netmonitor_vss\target\sysfront\debug\databasegroupactions.obj
c:\users\liu.bo.sfit\netmonitor_vss\target\sysfront\debug\cdumplog.obj
c:\users\liu.bo.sfit\netmonitor_vss\target\sysfront\debug\clistsession.obj
c:\users\liu.bo.sfit\netmonitor_vss\target\sysfront\debug\flowconnector.obj
c:\users\liu.bo.sfit\netmonitor_vss\target\sysfront\debug\countconnector.obj
c:\users\liu.bo.sfit\netmonitor_vss\target\sysfront\debug\frontserverbusiness.obj
c:\users\liu.bo.sfit\netmonitor_vss\target\sysfront\debug\frontserver.obj
c:\users\liu.bo.sfit\netmonitor_vss\target\sysfront\debug\sysfront.obj
c:\users\liu.bo.sfit\netmonitor_vss\target\sysfront\debug\csysinternaltopology.obj
c:\users\liu.bo.sfit\netmonitor_vss\target\sysfront\debug\cperformanceanalyze.obj
c:\users\liu.bo.sfit\netmonitor_vss\target\sysfront\debug\csynconnector.obj
c:\users\liu.bo.sfit\netmonitor_vss\target\sysfront\debug\cslogagent.obj
c:\users\liu.bo.sfit\netmonitor_vss\target\sysfront\debug\cqueryagent.obj
c:\users\liu.bo.sfit\netmonitor_vss\target\sysfront\debug\cresultsubscriber.obj
c:\users\liu.bo.sfit\netmonitor_vss\target\sysfront\debug\cstatussubscriber2.obj
c:\users\liu.bo.sfit\netmonitor_vss\target\sysfront\debug\cstatussubscriber.obj
c:\users\liu.bo.sfit\netmonitor_vss\target\sysfront\debug\vc100.pdb
c:\users\liu.bo.sfit\netmonitor_vss\target\sysfront\debug\sysfront.exe.embed.manifest.res
c:\users\liu.bo.sfit\netmonitor_vss\target\sysfront\debug\vc120.pdb
c:\users\liu.bo.sfit\netmonitor_vss\target\sysfront\debug\sysfront.vcxprojresolveassemblyreference.cache
c:\users\liu.bo.sfit\netmonitor_vss\target\sysfront\debug\cl.command.1.tlog
c:\users\liu.bo.sfit\netmonitor_vss\target\sysfront\debug\cl.read.1.tlog
c:\users\liu.bo.sfit\netmonitor_vss\target\sysfront\debug\cl.write.1.tlog
c:\users\liu.bo.sfit\netmonitor_vss\target\sysfront\debug\link.command.1.tlog
c:\users\liu.bo.sfit\netmonitor_vss\target\sysfront\debug\link.read.1.tlog
c:\users\liu.bo.sfit\netmonitor_vss\target\sysfront\debug\link.write.1.tlog
c:\users\liu.bo.sfit\netmonitor_vss\target\sysfront\debug\rc.command.1.tlog
c:\users\liu.bo.sfit\netmonitor_vss\target\sysfront\debug\rc.read.1.tlog
c:\users\liu.bo.sfit\netmonitor_vss\target\sysfront\debug\rc.write.1.tlog
c:\users\liu.bo.sfit\netmonitor_vss\target\sysfront\debug\sysfront.write.1.tlog
c:\users\liu.bo.sfit\netmonitor_vss\target\sysfront\debug\sysfront.exe.embed.manifest
c:\users\liu.bo.sfit\netmonitor_vss\target\sysfront\debug\sysfront.pdb
c:\users\liu.bo.sfit\netmonitor_vss\target\sysfront\debug\sysfront_manifest.rc
c:\users\liu.bo.sfit\netmonitor_vss\target\sysfront\debug\sysfront.tlog\cl.command.1.tlog
c:\users\liu.bo.sfit\netmonitor_vss\target\sysfront\debug\sysfront.tlog\cl.read.1.tlog
c:\users\liu.bo.sfit\netmonitor_vss\target\sysfront\debug\sysfront.tlog\cl.write.1.tlog
c:\users\liu.bo.sfit\netmonitor_vss\target\sysfront\debug\sysfront.tlog\link-cvtres.read.1.tlog
c:\users\liu.bo.sfit\netmonitor_vss\target\sysfront\debug\sysfront.tlog\link-cvtres.write.1.tlog
c:\users\liu.bo.sfit\netmonitor_vss\target\sysfront\debug\sysfront.tlog\link-rc.read.1.tlog
c:\users\liu.bo.sfit\netmonitor_vss\target\sysfront\debug\sysfront.tlog\link-rc.write.1.tlog
c:\users\liu.bo.sfit\netmonitor_vss\target\sysfront\debug\sysfront.tlog\link.command.1.tlog
c:\users\liu.bo.sfit\netmonitor_vss\target\sysfront\debug\sysfront.tlog\link.read.1.tlog
c:\users\liu.bo.sfit\netmonitor_vss\target\sysfront\debug\sysfront.tlog\link.write.1.tlog
